<?xml version="1.0" encoding="UTF-8"?>
<!-- Generated by org.testng.reporters.JUnitXMLReporter -->
<testsuite ignored="0" hostname="Pravin" failures="0" tests="4" name="Default test" time="15.156" errors="0" timestamp="2023-12-29T21:39:44 IST">
  <testcase classname="com.spotify.test.PLAYLIST_REUSABLE_CALL" name="CreatePlaylist" time="12.818"/>
  <testcase classname="com.spotify.test.PLAYLIST_REUSABLE_CALL" name="GET_api_playlist" time="0.729"/>
  <testcase classname="com.spotify.test.PLAYLIST_REUSABLE_CALL" name="put_method" time="0.688"/>
  <testcase classname="com.spotify.test.PLAYLIST_REUSABLE_CALL" name="should_not_be_authrozied" time="0.286"/>
</testsuite> <!-- Default test -->
