<?xml version="1.0" encoding="UTF-8"?>
<!-- Generated by org.testng.reporters.JUnitXMLReporter -->
<testsuite ignored="0" hostname="Pravin" failures="0" tests="4" name="Test" time="9.046" errors="0" timestamp="2023-12-29T22:05:28 IST">
  <testcase classname="com.spotify.test.PLAYLIST_REUSABLE_CALL" name="CreatePlaylist" time="7.544"/>
  <testcase classname="com.spotify.test.PLAYLIST_REUSABLE_CALL" name="GET_api_playlist" time="0.55"/>
  <testcase classname="com.spotify.test.PLAYLIST_REUSABLE_CALL" name="put_method" time="0.48"/>
  <testcase classname="com.spotify.test.PLAYLIST_REUSABLE_CALL" name="should_not_be_authrozied" time="0.201"/>
</testsuite> <!-- Test -->
