<?xml version="1.0" encoding="UTF-8"?>
<testng-results ignored="0" total="4" passed="4" failed="0" skipped="0">
  <reporter-output>
  </reporter-output>
  <suite started-at="2023-12-29T22:05:19 IST" name="Suite" finished-at="2023-12-29T22:05:28 IST" duration-ms="9046">
    <groups>
    </groups>
    <test started-at="2023-12-29T22:05:19 IST" name="Test" finished-at="2023-12-29T22:05:28 IST" duration-ms="9046">
      <class name="com.spotify.test.PLAYLIST_REUSABLE_CALL">
        <test-method signature="CreatePlaylist()[pri:1, instance:com.spotify.test.PLAYLIST_REUSABLE_CALL@1517f633]" started-at="2023-12-29T22:05:19 IST" name="CreatePlaylist" finished-at="2023-12-29T22:05:26 IST" duration-ms="7544" status="PASS">
          <reporter-output>
          </reporter-output>
        </test-method> <!-- CreatePlaylist -->
        <test-method signature="GET_api_playlist()[pri:2, instance:com.spotify.test.PLAYLIST_REUSABLE_CALL@1517f633]" started-at="2023-12-29T22:05:26 IST" name="GET_api_playlist" finished-at="2023-12-29T22:05:27 IST" duration-ms="550" status="PASS">
          <reporter-output>
          </reporter-output>
        </test-method> <!-- GET_api_playlist -->
        <test-method signature="put_method()[pri:3, instance:com.spotify.test.PLAYLIST_REUSABLE_CALL@1517f633]" started-at="2023-12-29T22:05:27 IST" name="put_method" finished-at="2023-12-29T22:05:27 IST" duration-ms="480" status="PASS">
          <reporter-output>
          </reporter-output>
        </test-method> <!-- put_method -->
        <test-method signature="should_not_be_authrozied()[pri:4, instance:com.spotify.test.PLAYLIST_REUSABLE_CALL@1517f633]" started-at="2023-12-29T22:05:27 IST" name="should_not_be_authrozied" finished-at="2023-12-29T22:05:28 IST" duration-ms="201" status="PASS">
          <reporter-output>
          </reporter-output>
        </test-method> <!-- should_not_be_authrozied -->
      </class> <!-- com.spotify.test.PLAYLIST_REUSABLE_CALL -->
    </test> <!-- Test -->
  </suite> <!-- Suite -->
</testng-results>
