<?xml version="1.0" encoding="UTF-8"?>
<testng-results ignored="0" total="4" passed="4" failed="0" skipped="0">
  <reporter-output>
  </reporter-output>
  <suite started-at="2023-08-19T21:26:29 IST" name="Suite" finished-at="2023-08-19T21:26:37 IST" duration-ms="7071">
    <groups>
    </groups>
    <test started-at="2023-08-19T21:26:29 IST" name="Test" finished-at="2023-08-19T21:26:37 IST" duration-ms="7071">
      <class name="com.spotify.test.PLAYLIST_REUSABLE_CALL">
        <test-method signature="CreatePlaylist()[pri:1, instance:com.spotify.test.PLAYLIST_REUSABLE_CALL@4ebadd3d]" started-at="2023-08-19T21:26:30 IST" name="CreatePlaylist" finished-at="2023-08-19T21:26:35 IST" duration-ms="5665" status="PASS">
          <reporter-output>
          </reporter-output>
        </test-method> <!-- CreatePlaylist -->
        <test-method signature="GET_api_playlist()[pri:2, instance:com.spotify.test.PLAYLIST_REUSABLE_CALL@4ebadd3d]" started-at="2023-08-19T21:26:35 IST" name="GET_api_playlist" finished-at="2023-08-19T21:26:36 IST" duration-ms="495" status="PASS">
          <reporter-output>
          </reporter-output>
        </test-method> <!-- GET_api_playlist -->
        <test-method signature="put_method()[pri:3, instance:com.spotify.test.PLAYLIST_REUSABLE_CALL@4ebadd3d]" started-at="2023-08-19T21:26:36 IST" name="put_method" finished-at="2023-08-19T21:26:36 IST" duration-ms="544" status="PASS">
          <reporter-output>
          </reporter-output>
        </test-method> <!-- put_method -->
        <test-method signature="should_not_be_authrozied()[pri:4, instance:com.spotify.test.PLAYLIST_REUSABLE_CALL@4ebadd3d]" started-at="2023-08-19T21:26:36 IST" name="should_not_be_authrozied" finished-at="2023-08-19T21:26:37 IST" duration-ms="193" status="PASS">
          <reporter-output>
          </reporter-output>
        </test-method> <!-- should_not_be_authrozied -->
      </class> <!-- com.spotify.test.PLAYLIST_REUSABLE_CALL -->
    </test> <!-- Test -->
  </suite> <!-- Suite -->
</testng-results>
