<?xml version="1.0" encoding="UTF-8"?>
<testsuite xmlns:xsi="http://www.w3.org/2001/XMLSchema-instance" xsi:noNamespaceSchemaLocation="https://maven.apache.org/surefire/maven-surefire-plugin/xsd/surefire-test-report-3.0.xsd" version="3.0" name="TestSuite" time="10.922" tests="4" errors="0" skipped="0" failures="0">
  <properties>
[...]
</properties>
  <testcase name="CreatePlaylist" classname="com.spotify.test.PLAYLIST_REUSABLE_CALL" time="7.72">
    <system-out><![CDATA[Request method:	POST
Request URI:	https://api.spotify.com/v1/users/31zth34d7jud5yno2bg2tdsrsp64/playlists
Proxy:			<none>
Request params:	<none>
Query params:	<none>
Form params:	<none>
Path params:	<none>
Headers:		Authorization=Bearer BQDTAdiCHgSduVefh4vah4PgfD1xWA4tYi6lNaBRvBRrp467AzuqnuMCAvk8Wf7tYHcMWL6y9jnVfBiswC4VBH2mYyIKRNGpkciVtP201l7pyuc4ssichZg_j2qG_P0GPRIs7nVQ_1txpkp5_B0utxJMHJChtHWNG1meMgZjvlG0dVK6ovs8efMolMis2rEbsyA8RdveTrsyInqvwMidwKcn-0LX7WJW3yQLGFR4fCL_Gh26aV1ME099u6Nx17FAL06tEqQoI_nNhrB-
				Accept=*/*
				Content-Type=application/json
Cookies:		<none>
Multiparts:		<none>
Body:
{
    "description": "content new 3 new change for allure test with req-res data",
    "name": "16 aug new test 3 new change for allure test with req-res data",
    "public": false
}
HTTP/1.1 201 Created
content-type: application/json; charset=utf-8
cache-control: private, max-age=0
location: https://api.spotify.com/v1/playlists/1X3abIRdyDr2kRMwFezKbL
x-robots-tag: noindex, nofollow
access-control-allow-origin: *
access-control-allow-headers: Accept, App-Platform, Authorization, Content-Type, Origin, Retry-After, Spotify-App-Version, X-Cloud-Trace-Context, client-token, content-access-token
access-control-allow-methods: GET, POST, OPTIONS, PUT, DELETE, PATCH
access-control-allow-credentials: true
access-control-max-age: 604800
content-encoding: gzip
strict-transport-security: max-age=31536000
x-content-type-options: nosniff
date: Fri, 29 Dec 2023 16:35:27 GMT
server: envoy
Via: HTTP/2 edgeproxy, 1.1 google
Alt-Svc: h3=":443"; ma=2592000,h3-29=":443"; ma=2592000
Transfer-Encoding: chunked

{
    "collaborative": false,
    "description": "content new 3 new change for allure test with req-res data",
    "external_urls": {
        "spotify": "https://open.spotify.com/playlist/1X3abIRdyDr2kRMwFezKbL"
    },
    "followers": {
        "href": null,
        "total": 0
    },
    "href": "https://api.spotify.com/v1/playlists/1X3abIRdyDr2kRMwFezKbL",
    "id": "1X3abIRdyDr2kRMwFezKbL",
    "images": [
        
    ],
    "name": "16 aug new test 3 new change for allure test with req-res data",
    "owner": {
        "display_name": "Pravin Lavate",
        "external_urls": {
            "spotify": "https://open.spotify.com/user/31zth34d7jud5yno2bg2tdsrsp64"
        },
        "href": "https://api.spotify.com/v1/users/31zth34d7jud5yno2bg2tdsrsp64",
        "id": "31zth34d7jud5yno2bg2tdsrsp64",
        "type": "user",
        "uri": "spotify:user:31zth34d7jud5yno2bg2tdsrsp64"
    },
    "primary_color": null,
    "public": false,
    "snapshot_id": "MSw0OTgyNTQ1ZDdlNzZmMGE3N2JjNjg3ZjdmNzhiZWI1YzI3NDI5NDc0",
    "tracks": {
        "href": "https://api.spotify.com/v1/playlists/1X3abIRdyDr2kRMwFezKbL/tracks",
        "items": [
            
        ],
        "limit": 100,
        "next": null,
        "offset": 0,
        "previous": null,
        "total": 0
    },
    "type": "playlist",
    "uri": "spotify:playlist:1X3abIRdyDr2kRMwFezKbL"
}
]]></system-out>
    <system-err><![CDATA[SLF4J: Failed to load class "org.slf4j.impl.StaticLoggerBinder".
SLF4J: Defaulting to no-operation (NOP) logger implementation
SLF4J: See http://www.slf4j.org/codes.html#StaticLoggerBinder for further details.
]]></system-err>
  </testcase>
  <testcase name="GET_api_playlist" classname="com.spotify.test.PLAYLIST_REUSABLE_CALL" time="0.523">
    <system-out><![CDATA[Request method:	GET
Request URI:	https://api.spotify.com/v1/playlists/1X3abIRdyDr2kRMwFezKbL
Proxy:			<none>
Request params:	<none>
Query params:	<none>
Form params:	<none>
Path params:	pID=1X3abIRdyDr2kRMwFezKbL
Headers:		Authorization=Bearer BQAW_HEnNCZnzxfR_Om7urDBlvsrp_xCxyADqJrf46EW7dG2Aoq5vU4f21Zm4XvQ3ujDpUh_tpYw_5x_TMSRL9VyOkUGFjtA2T-vJB0P5ncS88MT2hmN1BvxLMPd-YUWNq1oRuD-zeB8XAp3iRPuq7fmiY26Lb4s65ntEMjuuFgHmbh87YiPzI_znuNyMTPCQIl1Zth8T-AOoEEvUaqMPkUexC3u-ipcEZz-z0e4Hfq9B_FTkgyjoCaG0S_JrMHgjStQVP0JE7_fzGA4
				Accept=*/*
				Content-Type=application/json
Cookies:		<none>
Multiparts:		<none>
Body:			<none>
HTTP/1.1 200 OK
content-type: application/json; charset=utf-8
cache-control: public, max-age=0
etag: "MC-IjgwOTUwMTNjODY2ZmI3NzBjNTg3MTAzMDA5MzcwZmE2Ig=="
x-robots-tag: noindex, nofollow
access-control-allow-origin: *
access-control-allow-headers: Accept, App-Platform, Authorization, Content-Type, Origin, Retry-After, Spotify-App-Version, X-Cloud-Trace-Context, client-token, content-access-token
access-control-allow-methods: GET, POST, OPTIONS, PUT, DELETE, PATCH
access-control-allow-credentials: true
access-control-max-age: 604800
content-encoding: gzip
strict-transport-security: max-age=31536000
x-content-type-options: nosniff
date: Fri, 29 Dec 2023 16:35:28 GMT
server: envoy
Via: HTTP/2 edgeproxy, 1.1 google
Alt-Svc: h3=":443"; ma=2592000,h3-29=":443"; ma=2592000
Transfer-Encoding: chunked

{
    "collaborative": false,
    "external_urls": {
        "spotify": "https://open.spotify.com/playlist/1X3abIRdyDr2kRMwFezKbL"
    },
    "followers": {
        "href": null,
        "total": 0
    },
    "href": "https://api.spotify.com/v1/playlists/1X3abIRdyDr2kRMwFezKbL",
    "id": "1X3abIRdyDr2kRMwFezKbL",
    "images": null,
    "primary_color": null,
    "name": "16 aug new test 3 new change for allure test with req-res data",
    "description": "content new 3 new change for allure test with req-res data",
    "type": "playlist",
    "uri": "spotify:playlist:1X3abIRdyDr2kRMwFezKbL",
    "owner": {
        "href": "https://api.spotify.com/v1/users/31zth34d7jud5yno2bg2tdsrsp64",
        "id": "31zth34d7jud5yno2bg2tdsrsp64",
        "type": "user",
        "uri": "spotify:user:31zth34d7jud5yno2bg2tdsrsp64",
        "display_name": "Pravin Lavate",
        "external_urls": {
            "spotify": "https://open.spotify.com/user/31zth34d7jud5yno2bg2tdsrsp64"
        }
    },
    "public": true,
    "snapshot_id": "MixhY2ZlMWI3MjhlYmVlMjRjMGUyMDg3NjA5NjA0N2ExZmM2YTEyNjA1",
    "tracks": {
        "limit": 0,
        "next": null,
        "offset": 0,
        "previous": null,
        "href": "https://api.spotify.com/v1/playlists/1X3abIRdyDr2kRMwFezKbL/tracks?offset=0&limit=0",
        "total": 0,
        "items": [
            
        ]
    }
}
content new 3 new change for allure test with req-res data
]]></system-out>
  </testcase>
  <testcase name="put_method" classname="com.spotify.test.PLAYLIST_REUSABLE_CALL" time="0.482">
    <system-out><![CDATA[Request method:	PUT
Request URI:	https://api.spotify.com/v1/playlists/1X3abIRdyDr2kRMwFezKbL
Proxy:			<none>
Request params:	<none>
Query params:	<none>
Form params:	<none>
Path params:	<none>
Headers:		Authorization=Bearer BQAH_MGH2lzfP4LZ6NeH0BLra88L7TfUYxg5aTk8SWSjRyNIzhlBRBc4th-N4NPA812I4i6AidUvddHey6vyMzz0rPYmJKIm_Zm7RmEVv8rbwmfZVllNZj0Szxs-z-ARokJHqOBi1dvgWEtbFmk7ufGDJR-9AL6AnPrvSwzZtHyCoVF0EGIRgmvvd921oUg8SUf8OVCKA2VMLwjG2t--crT_hXKQovFSD5Dti4-aJszbVjygcrn84dOPPeX3zVqvvPq50rS8CK2b9DIj
				Accept=*/*
				Content-Type=application/json
Cookies:		<none>
Multiparts:		<none>
Body:
{
    "description": "content new 3 new change for allure test with req-res data",
    "name": "16 aug new test 3 new change for allure test with req-res dataupdated playlist data",
    "public": false
}
HTTP/1.1 200 OK
cache-control: private, max-age=0
x-robots-tag: noindex, nofollow
access-control-allow-origin: *
access-control-allow-headers: Accept, App-Platform, Authorization, Content-Type, Origin, Retry-After, Spotify-App-Version, X-Cloud-Trace-Context, client-token, content-access-token
access-control-allow-methods: GET, POST, OPTIONS, PUT, DELETE, PATCH
access-control-allow-credentials: true
access-control-max-age: 604800
Content-Length: 0
strict-transport-security: max-age=31536000
x-content-type-options: nosniff
date: Fri, 29 Dec 2023 16:35:28 GMT
server: envoy
Via: HTTP/2 edgeproxy, 1.1 google
Alt-Svc: h3=":443"; ma=2592000,h3-29=":443"; ma=2592000
]]></system-out>
  </testcase>
  <testcase name="should_not_be_authrozied" classname="com.spotify.test.PLAYLIST_REUSABLE_CALL" time="0.199">
    <system-out><![CDATA[Request method:	POST
Request URI:	https://api.spotify.com/v1/users/31zth34d7jud5yno2bg2tdsrsp64/playlists
Proxy:			<none>
Request params:	<none>
Query params:	<none>
Form params:	<none>
Path params:	<none>
Headers:		Authorization=Bearer expiredtokenwrwrwrg
				Accept=*/*
				Content-Type=application/json
Cookies:		<none>
Multiparts:		<none>
Body:
{
    "description": "palyloist 15 aug",
    "name": "15 aug independeance playlist",
    "public": false
}
HTTP/1.1 401 Unauthorized
www-authenticate: Bearer realm="spotify", error="invalid_token", error_description="Invalid access token"
access-control-allow-origin: *
access-control-allow-headers: Accept, App-Platform, Authorization, Content-Type, Origin, Retry-After, Spotify-App-Version, X-Cloud-Trace-Context, client-token, content-access-token
access-control-allow-methods: GET, POST, OPTIONS, PUT, DELETE, PATCH
access-control-allow-credentials: true
access-control-max-age: 604800
content-type: application/json
content-encoding: gzip
strict-transport-security: max-age=31536000
x-content-type-options: nosniff
date: Fri, 29 Dec 2023 16:35:28 GMT
server: envoy
Via: HTTP/2 edgeproxy, 1.1 google
Alt-Svc: h3=":443"; ma=2592000,h3-29=":443"; ma=2592000
Transfer-Encoding: chunked

{
    "error": {
        "status": 401,
        "message": "Invalid access token"
    }
}
]]></system-out>
  </testcase>
</testsuite>