<?xml version="1.0" encoding="UTF-8"?>
<testsuite xmlns:xsi="http://www.w3.org/2001/XMLSchema-instance" xsi:noNamespaceSchemaLocation="https://maven.apache.org/surefire/maven-surefire-plugin/xsd/surefire-test-report-3.0.xsd" version="3.0" name="TestSuite" time="8.594" tests="4" errors="0" skipped="0" failures="0">
  <properties>
[...]
</properties>
  <testcase name="CreatePlaylist" classname="com.spotify.test.PLAYLIST_REUSABLE_CALL" time="5.755">
    <system-out><![CDATA[Request method:	POST
Request URI:	https://api.spotify.com/v1/users/31zth34d7jud5yno2bg2tdsrsp64/playlists
Proxy:			<none>
Request params:	<none>
Query params:	<none>
Form params:	<none>
Path params:	<none>
Headers:		Authorization=Bearer BQBDwi5Sm-9Cjc8xxreFSCevG6xI1LlfEkkRALzW3W_9k7SORxb47H7PUJEubTMnlT4JycX9Jp4p40u_RsDCAiQqOKL0iyepCtwpAzLRx_tOPnxnKQuvOpppD-7IF-fHvW_kjAapW1UGbvpQanSgAu-uvhOYxAs5HLUmYbGE1OzqwbBQvDDS3OBtYDm_lio0JpqlwceJwstiwsp8QHzBaT0n-17bUG0ZFmlOfWefPVcsnoAiYk6uq6Ysy9KIiEp9-VOn94LuRCKX5u50
				Accept=*/*
				Content-Type=application/json
Cookies:		<none>
Multiparts:		<none>
Body:
{
    "description": "content new 3 new change for allure test with req-res data",
    "name": "16 aug new test 3 new change for allure test with req-res data",
    "public": false
}
HTTP/1.1 201 Created
content-type: application/json; charset=utf-8
cache-control: private, max-age=0
location: https://api.spotify.com/v1/playlists/05mFp0OVnGlmOzpLbbXnuR
x-robots-tag: noindex, nofollow
access-control-allow-origin: *
access-control-allow-headers: Accept, App-Platform, Authorization, Content-Type, Origin, Retry-After, Spotify-App-Version, X-Cloud-Trace-Context, client-token, content-access-token
access-control-allow-methods: GET, POST, OPTIONS, PUT, DELETE, PATCH
access-control-allow-credentials: true
access-control-max-age: 604800
content-encoding: gzip
strict-transport-security: max-age=31536000
x-content-type-options: nosniff
date: Sat, 19 Aug 2023 15:56:38 GMT
server: envoy
Via: HTTP/2 edgeproxy, 1.1 google
Alt-Svc: h3=":443"; ma=2592000,h3-29=":443"; ma=2592000
Transfer-Encoding: chunked

{
    "collaborative": false,
    "description": "content new 3 new change for allure test with req-res data",
    "external_urls": {
        "spotify": "https://open.spotify.com/playlist/05mFp0OVnGlmOzpLbbXnuR"
    },
    "followers": {
        "href": null,
        "total": 0
    },
    "href": "https://api.spotify.com/v1/playlists/05mFp0OVnGlmOzpLbbXnuR",
    "id": "05mFp0OVnGlmOzpLbbXnuR",
    "images": [
        
    ],
    "name": "16 aug new test 3 new change for allure test with req-res data",
    "owner": {
        "display_name": "Pravin Lavate",
        "external_urls": {
            "spotify": "https://open.spotify.com/user/31zth34d7jud5yno2bg2tdsrsp64"
        },
        "href": "https://api.spotify.com/v1/users/31zth34d7jud5yno2bg2tdsrsp64",
        "id": "31zth34d7jud5yno2bg2tdsrsp64",
        "type": "user",
        "uri": "spotify:user:31zth34d7jud5yno2bg2tdsrsp64"
    },
    "primary_color": null,
    "public": false,
    "snapshot_id": "MSxlMmQ4NGQzYzFlZTdjNTFiNDA0ZDU0MTQ4OWZhMjhjYjU0M2ExZmUz",
    "tracks": {
        "href": "https://api.spotify.com/v1/playlists/05mFp0OVnGlmOzpLbbXnuR/tracks",
        "items": [
            
        ],
        "limit": 100,
        "next": null,
        "offset": 0,
        "previous": null,
        "total": 0
    },
    "type": "playlist",
    "uri": "spotify:playlist:05mFp0OVnGlmOzpLbbXnuR"
}
]]></system-out>
    <system-err><![CDATA[SLF4J: Failed to load class "org.slf4j.impl.StaticLoggerBinder".
SLF4J: Defaulting to no-operation (NOP) logger implementation
SLF4J: See http://www.slf4j.org/codes.html#StaticLoggerBinder for further details.
]]></system-err>
  </testcase>
  <testcase name="GET_api_playlist" classname="com.spotify.test.PLAYLIST_REUSABLE_CALL" time="0.5">
    <system-out><![CDATA[Request method:	GET
Request URI:	https://api.spotify.com/v1/playlists/05mFp0OVnGlmOzpLbbXnuR
Proxy:			<none>
Request params:	<none>
Query params:	<none>
Form params:	<none>
Path params:	pID=05mFp0OVnGlmOzpLbbXnuR
Headers:		Authorization=Bearer BQAJcsPu_Gz30wCu-ecYK_SOJkPKVzIAuU58TYQ1IDydj7wRmbdkHk1ypC6HieCAgPCIUfsouAVLPTLALpVVHguL5OU5E9vkYXaloxSxmTiLPnYNUgq9AH1apIej26Zttyz0Bj3ZuUZRVzRWk0SRsIdSglA-7Ur1wtXq6J8LmEnCIP57tpCWbCQk-ux_twK5x2QcZ0MuswYiFFg2p14KtCJ-yvwq4JbYyO44cr3NmZutJS-YHupP-qOcsPA9uHTc93DMwl6Leg-pTR_i
				Accept=*/*
				Content-Type=application/json
Cookies:		<none>
Multiparts:		<none>
Body:			<none>
HTTP/1.1 200 OK
content-type: application/json; charset=utf-8
cache-control: public, max-age=0
etag: "MC-Ijc3OTlmYWNhNWFlYWM3N2I5NTM2YmQ2MWVlZTNhMmJmIg=="
x-robots-tag: noindex, nofollow
access-control-allow-origin: *
access-control-allow-headers: Accept, App-Platform, Authorization, Content-Type, Origin, Retry-After, Spotify-App-Version, X-Cloud-Trace-Context, client-token, content-access-token
access-control-allow-methods: GET, POST, OPTIONS, PUT, DELETE, PATCH
access-control-allow-credentials: true
access-control-max-age: 604800
content-encoding: gzip
strict-transport-security: max-age=31536000
x-content-type-options: nosniff
date: Sat, 19 Aug 2023 15:56:38 GMT
server: envoy
Via: HTTP/2 edgeproxy, 1.1 google
Alt-Svc: h3=":443"; ma=2592000,h3-29=":443"; ma=2592000
Transfer-Encoding: chunked

{
    "collaborative": false,
    "description": "content new 3 new change for allure test with req-res data",
    "external_urls": {
        "spotify": "https://open.spotify.com/playlist/05mFp0OVnGlmOzpLbbXnuR"
    },
    "followers": {
        "href": null,
        "total": 0
    },
    "href": "https://api.spotify.com/v1/playlists/05mFp0OVnGlmOzpLbbXnuR",
    "id": "05mFp0OVnGlmOzpLbbXnuR",
    "images": [
        
    ],
    "name": "16 aug new test 3 new change for allure test with req-res data",
    "owner": {
        "display_name": "Pravin Lavate",
        "external_urls": {
            "spotify": "https://open.spotify.com/user/31zth34d7jud5yno2bg2tdsrsp64"
        },
        "href": "https://api.spotify.com/v1/users/31zth34d7jud5yno2bg2tdsrsp64",
        "id": "31zth34d7jud5yno2bg2tdsrsp64",
        "type": "user",
        "uri": "spotify:user:31zth34d7jud5yno2bg2tdsrsp64"
    },
    "primary_color": null,
    "public": false,
    "snapshot_id": "Miw4NmEwNGQ2M2NhNjBkYTdjMDM4ODYyNTE4Mzc5N2NlNmNiYzZlOGRl",
    "tracks": {
        "href": "https://api.spotify.com/v1/playlists/05mFp0OVnGlmOzpLbbXnuR/tracks?offset=0&limit=100",
        "items": [
            
        ],
        "limit": 100,
        "next": null,
        "offset": 0,
        "previous": null,
        "total": 0
    },
    "type": "playlist",
    "uri": "spotify:playlist:05mFp0OVnGlmOzpLbbXnuR"
}
content new 3 new change for allure test with req-res data
]]></system-out>
  </testcase>
  <testcase name="put_method" classname="com.spotify.test.PLAYLIST_REUSABLE_CALL" time="0.546">
    <system-out><![CDATA[Request method:	PUT
Request URI:	https://api.spotify.com/v1/playlists/05mFp0OVnGlmOzpLbbXnuR
Proxy:			<none>
Request params:	<none>
Query params:	<none>
Form params:	<none>
Path params:	<none>
Headers:		Authorization=Bearer BQBdRrZcwkvof6ao5D48fv1JjaEEDDvnM1DmvxpV2QTFsrIeVU9qZxzPZwzSqwZQeG0jCxxhP9jbH7u90Xk-AoPIzHEhR2dLrYKWIJENAnGXQi3l3Sjcx3P89-pPV5rVtW3nP4bjAtgLwLa1wYs0vsyDg1CtKa_gadX3wzG4vUoivyLXytf1Nj0ZsxaBStAW2SX8he3gVSJGhhjQnFerhVydgwCzy2586OOpD4ikKwA9RoO_Yw1a5lDsuTytiVA-S-uG4n9sl1R5qycj
				Accept=*/*
				Content-Type=application/json
Cookies:		<none>
Multiparts:		<none>
Body:
{
    "description": "content new 3 new change for allure test with req-res data",
    "name": "16 aug new test 3 new change for allure test with req-res dataupdated playlist data",
    "public": false
}
HTTP/1.1 200 OK
cache-control: private, max-age=0
x-robots-tag: noindex, nofollow
access-control-allow-origin: *
access-control-allow-headers: Accept, App-Platform, Authorization, Content-Type, Origin, Retry-After, Spotify-App-Version, X-Cloud-Trace-Context, client-token, content-access-token
access-control-allow-methods: GET, POST, OPTIONS, PUT, DELETE, PATCH
access-control-allow-credentials: true
access-control-max-age: 604800
Content-Length: 0
strict-transport-security: max-age=31536000
x-content-type-options: nosniff
date: Sat, 19 Aug 2023 15:56:39 GMT
server: envoy
Via: HTTP/2 edgeproxy, 1.1 google
Alt-Svc: h3=":443"; ma=2592000,h3-29=":443"; ma=2592000
]]></system-out>
  </testcase>
  <testcase name="should_not_be_authrozied" classname="com.spotify.test.PLAYLIST_REUSABLE_CALL" time="0.195">
    <system-out><![CDATA[Request method:	POST
Request URI:	https://api.spotify.com/v1/users/31zth34d7jud5yno2bg2tdsrsp64/playlists
Proxy:			<none>
Request params:	<none>
Query params:	<none>
Form params:	<none>
Path params:	<none>
Headers:		Authorization=Bearer expiredtokenwrwrwrg
				Accept=*/*
				Content-Type=application/json
Cookies:		<none>
Multiparts:		<none>
Body:
{
    "description": "palyloist 15 aug",
    "name": "15 aug independeance playlist",
    "public": false
}
HTTP/1.1 401 Unauthorized
www-authenticate: Bearer realm="spotify", error="invalid_token", error_description="Invalid access token"
access-control-allow-origin: *
access-control-allow-headers: Accept, App-Platform, Authorization, Content-Type, Origin, Retry-After, Spotify-App-Version, X-Cloud-Trace-Context, client-token, content-access-token
access-control-allow-methods: GET, POST, OPTIONS, PUT, DELETE, PATCH
access-control-allow-credentials: true
access-control-max-age: 604800
content-type: application/json
content-encoding: gzip
strict-transport-security: max-age=31536000
x-content-type-options: nosniff
date: Sat, 19 Aug 2023 15:56:39 GMT
server: envoy
Via: HTTP/2 edgeproxy, 1.1 google
Alt-Svc: h3=":443"; ma=2592000,h3-29=":443"; ma=2592000
Transfer-Encoding: chunked

{
    "error": {
        "status": 401,
        "message": "Invalid access token"
    }
}
]]></system-out>
  </testcase>
</testsuite>