<?xml version="1.0" encoding="UTF-8"?>
<testng-results ignored="0" total="4" passed="4" failed="0" skipped="0">
  <reporter-output>
  </reporter-output>
  <suite started-at="2023-12-29T21:39:29 IST" name="Default suite" finished-at="2023-12-29T21:39:44 IST" duration-ms="15156">
    <groups>
    </groups>
    <test started-at="2023-12-29T21:39:29 IST" name="Default test" finished-at="2023-12-29T21:39:44 IST" duration-ms="15156">
      <class name="com.spotify.test.PLAYLIST_REUSABLE_CALL">
        <test-method signature="CreatePlaylist()[pri:1, instance:com.spotify.test.PLAYLIST_REUSABLE_CALL@3005db4a]" started-at="2023-12-29T21:39:29 IST" name="CreatePlaylist" finished-at="2023-12-29T21:39:41 IST" duration-ms="12818" status="PASS">
          <reporter-output>
          </reporter-output>
        </test-method> <!-- CreatePlaylist -->
        <test-method signature="GET_api_playlist()[pri:2, instance:com.spotify.test.PLAYLIST_REUSABLE_CALL@3005db4a]" started-at="2023-12-29T21:39:42 IST" name="GET_api_playlist" finished-at="2023-12-29T21:39:43 IST" duration-ms="729" status="PASS">
          <reporter-output>
          </reporter-output>
        </test-method> <!-- GET_api_playlist -->
        <test-method signature="put_method()[pri:3, instance:com.spotify.test.PLAYLIST_REUSABLE_CALL@3005db4a]" started-at="2023-12-29T21:39:43 IST" name="put_method" finished-at="2023-12-29T21:39:43 IST" duration-ms="688" status="PASS">
          <reporter-output>
          </reporter-output>
        </test-method> <!-- put_method -->
        <test-method signature="should_not_be_authrozied()[pri:4, instance:com.spotify.test.PLAYLIST_REUSABLE_CALL@3005db4a]" started-at="2023-12-29T21:39:43 IST" name="should_not_be_authrozied" finished-at="2023-12-29T21:39:44 IST" duration-ms="286" status="PASS">
          <reporter-output>
          </reporter-output>
        </test-method> <!-- should_not_be_authrozied -->
      </class> <!-- com.spotify.test.PLAYLIST_REUSABLE_CALL -->
    </test> <!-- Default test -->
  </suite> <!-- Default suite -->
</testng-results>
